<?xml version="1.0" encoding="UTF-8"?>
<!-- Generated by org.testng.reporters.JUnitReportReporter -->
<testsuite skipped="0" hostname="DESKTOP-4D5E347" name="com.class1.TaskTwo" tests="2" failures="0" timestamp="2020-01-11T18:25:31 EST" time="0.007" errors="0">
  <testcase name="testZ9" time="0.001" classname="com.class1.TaskTwo"/>
  <testcase name="testA1" time="0.006" classname="com.class1.TaskTwo"/>
</testsuite> <!-- com.class1.TaskTwo -->
