<?xml version="1.0" encoding="UTF-8"?>
<!-- Generated by org.testng.reporters.JUnitReportReporter -->
<testsuite skipped="0" hostname="DESKTOP-4D5E347" name="com.class01.TitleLogoAndLoginVerification" tests="3" failures="0" timestamp="2020-01-11T18:35:21 EST" time="27.028" errors="0">
  <testcase name="titleValidation" time="9.109" classname="com.class01.TitleLogoAndLoginVerification"/>
  <testcase name="validLogin" time="9.891" classname="com.class01.TitleLogoAndLoginVerification"/>
  <testcase name="logoValidation" time="8.028" classname="com.class01.TitleLogoAndLoginVerification"/>
</testsuite> <!-- com.class01.TitleLogoAndLoginVerification -->
